GROUP,PACKAGE,CLASS,INSTRUCTION_MISSED,INSTRUCTION_COVERED,BRANCH_MISSED,BRANCH_COVERED,LINE_MISSED,LINE_COVERED,COMPLEXITY_MISSED,COMPLEXITY_COVERED,METHOD_MISSED,METHOD_COVERED
VaporWave,edu.chalmers.vaporwave.controller,ProjectController,23,0,0,0,6,0,2,0,2,0
VaporWave,edu.chalmers.vaporwave.controller,ProjectController.ProjectButtonPressed,21,0,0,0,4,0,2,0,2,0
VaporWave,edu.chalmers.vaporwave.model,Project,0,13,0,0,0,4,0,3,0,3
VaporWave,edu.chalmers.vaporwave,Main,23,0,0,0,9,0,3,0,3,0
VaporWave,edu.chalmers.vaporwave.view,ProjectView,60,0,0,0,15,0,3,0,3,0
